<?xml version="1.0" encoding="UTF-8"?>
<testsuites name="Tes" time="60" tests="2" failures="0" errors="0">
   <testsuite name="Tes" tests="2" failures="0" errors="0" time="60" timestamp="2019-05-16 13:41:33" hostname="ranje - DESKTOP-EVQLC2E" id="Test Suites/Test Demo/Tes">
      <properties>
         <property name="deviceName" value=""/>
         <property name="devicePlatform" value=""/>
         <property name="logFolder" value="C:\\RunoWeb-Automation\\Reports\\Test Demo\\Tes\\20190516_134129"/>
         <property name="logFiles" value="C:\\RunoWeb-Automation\\Reports\\Test Demo\\Tes\\20190516_134129\\execution0.log"/>
         <property name="attachments" value=""/>
         <property name="hostName" value="ranje - DESKTOP-EVQLC2E"/>
         <property name="os" value="Windows 10 64bit"/>
         <property name="katalonVersion" value="5.10.1.1"/>
         <property name="browser" value="Firefox 66.0"/>
         <property name="hostAddress" value="192.168.1.10"/>
         <property name="sessionId" value="26b0aa57-7671-4485-ab18-3c0a7c584fd4"/>
         <property name="seleniumVersion" value="3.7.1"/>
         <property name="proxyInformation" value="ProxyInformation{proxyOption=NO_PROXY, proxyServerType=HTTP, password=, proxyServerAddress=, proxyServerPort=0}"/>
         <property name="platform" value="Windows 10"/>
      </properties>
      <testcase name="Test Cases/Operator/OpLogin/OpLogin" classname="Test Cases/Operator/OpLogin/OpLogin" status="PASSED">
         <system-out><![CDATA[2019-05-16 13:41:34 - [TEST_CASE][PASSED] - Test Cases/Operator/OpLogin/OpLogin: Test Cases/Operator/OpLogin/OpLogin

2019-05-16 13:41:35 - [TEST_STEP][PASSED] - openBrowser(""): Browser is opened with url: ''

2019-05-16 13:41:36 - [MESSAGE][INFO] - Starting 'Firefox' driver

2019-05-16 13:41:36 - [MESSAGE][INFO] - Action delay is set to 0 seconds

2019-05-16 13:41:48 - [MESSAGE][PASSED] - Browser is opened with url: ''

2019-05-16 13:41:48 - [TEST_STEP][PASSED] - navigateToUrl("http://13.126.72.115:4200/"): Navigate to 'http://13.126.72.115:4200/' successfully

2019-05-16 13:42:14 - [MESSAGE][PASSED] - Navigate to 'http://13.126.72.115:4200/' successfully

2019-05-16 13:42:14 - [TEST_STEP][PASSED] - maximizeWindow(OPTIONAL): Current window maximized

2019-05-16 13:42:14 - [MESSAGE][PASSED] - Current window maximized

2019-05-16 13:42:14 - [TEST_STEP][PASSED] - click(findTestObject("Object Repository/Operator/OpLogin/Page_Runo/div_Operator")): Object: 'Object Repository/Operator/OpLogin/Page_Runo/div_Operator' is clicked on

2019-05-16 13:42:14 - [MESSAGE][PASSED] - Object: 'Object Repository/Operator/OpLogin/Page_Runo/div_Operator' is clicked on

2019-05-16 13:42:14 - [TEST_STEP][PASSED] - delay(5, STOP_ON_FAILURE): Delayed 5 second(s)

2019-05-16 13:42:19 - [MESSAGE][PASSED] - Delayed 5 second(s)

2019-05-16 13:42:19 - [TEST_STEP][PASSED] - setText(findTestObject("Object Repository/Operator/OpLogin/Page_Runo/input_Operator_form-control ng"), "8830175062"): Text '8830175062' is set on object 'Object Repository/Operator/OpLogin/Page_Runo/input_Operator_form-control ng'

2019-05-16 13:42:21 - [MESSAGE][PASSED] - Text '8830175062' is set on object 'Object Repository/Operator/OpLogin/Page_Runo/input_Operator_form-control ng'

2019-05-16 13:42:21 - [TEST_STEP][PASSED] - setEncryptedText(findTestObject("Object Repository/Operator/OpLogin/Page_Runo/input_Operator_form-control ng_1"), "0VuygnA+GFY="): Text ****** has been set on object 'Object Repository/Operator/OpLogin/Page_Runo/input_Operator_form-control ng_1'

2019-05-16 13:42:21 - [MESSAGE][PASSED] - Text ****** has been set on object 'Object Repository/Operator/OpLogin/Page_Runo/input_Operator_form-control ng_1'

2019-05-16 13:42:21 - [TEST_STEP][PASSED] - setEncryptedText(findTestObject("Object Repository/Operator/OpLogin/Page_Runo/input_Operator_form-control ng_2"), "4QsYikuMnfc="): Text ****** has been set on object 'Object Repository/Operator/OpLogin/Page_Runo/input_Operator_form-control ng_2'

2019-05-16 13:42:22 - [MESSAGE][PASSED] - Text ****** has been set on object 'Object Repository/Operator/OpLogin/Page_Runo/input_Operator_form-control ng_2'

2019-05-16 13:42:22 - [TEST_STEP][PASSED] - setEncryptedText(findTestObject("Object Repository/Operator/OpLogin/Page_Runo/input_Operator_form-control ng_3"), "uyqgJ3PclbQ="): Text ****** has been set on object 'Object Repository/Operator/OpLogin/Page_Runo/input_Operator_form-control ng_3'

2019-05-16 13:42:22 - [MESSAGE][PASSED] - Text ****** has been set on object 'Object Repository/Operator/OpLogin/Page_Runo/input_Operator_form-control ng_3'

2019-05-16 13:42:22 - [TEST_STEP][PASSED] - setEncryptedText(findTestObject("Object Repository/Operator/OpLogin/Page_Runo/input_Operator_form-control ng_4"), "/yoJQMt7SF0="): Text ****** has been set on object 'Object Repository/Operator/OpLogin/Page_Runo/input_Operator_form-control ng_4'

2019-05-16 13:42:22 - [MESSAGE][PASSED] - Text ****** has been set on object 'Object Repository/Operator/OpLogin/Page_Runo/input_Operator_form-control ng_4'

2019-05-16 13:42:22 - [TEST_STEP][PASSED] - setEncryptedText(findTestObject("Object Repository/Operator/OpLogin/Page_Runo/input_Operator_form-control ng_5"), "2wIR5rizw6I="): Text ****** has been set on object 'Object Repository/Operator/OpLogin/Page_Runo/input_Operator_form-control ng_5'

2019-05-16 13:42:22 - [MESSAGE][PASSED] - Text ****** has been set on object 'Object Repository/Operator/OpLogin/Page_Runo/input_Operator_form-control ng_5'

2019-05-16 13:42:22 - [TEST_STEP][PASSED] - setEncryptedText(findTestObject("Object Repository/Operator/OpLogin/Page_Runo/input_Operator_form-control ng_6"), "xcsEsceOxMQ="): Text ****** has been set on object 'Object Repository/Operator/OpLogin/Page_Runo/input_Operator_form-control ng_6'

2019-05-16 13:42:22 - [MESSAGE][PASSED] - Text ****** has been set on object 'Object Repository/Operator/OpLogin/Page_Runo/input_Operator_form-control ng_6'

2019-05-16 13:42:22 - [TEST_STEP][PASSED] - setEncryptedText(findTestObject("Object Repository/Operator/OpLogin/Page_Runo/input_Operator_form-control ng_7"), "0r6XmuTReV8="): Text ****** has been set on object 'Object Repository/Operator/OpLogin/Page_Runo/input_Operator_form-control ng_7'

2019-05-16 13:42:22 - [MESSAGE][PASSED] - Text ****** has been set on object 'Object Repository/Operator/OpLogin/Page_Runo/input_Operator_form-control ng_7'

2019-05-16 13:42:22 - [TEST_STEP][PASSED] - setEncryptedText(findTestObject("Object Repository/Operator/OpLogin/Page_Runo/input_Operator_form-control ng_8"), "wEDVojD9906R+kXWuM9ihA=="): Text ****** has been set on object 'Object Repository/Operator/OpLogin/Page_Runo/input_Operator_form-control ng_8'

2019-05-16 13:42:22 - [MESSAGE][PASSED] - Text ****** has been set on object 'Object Repository/Operator/OpLogin/Page_Runo/input_Operator_form-control ng_8'

2019-05-16 13:42:22 - [TEST_STEP][PASSED] - setEncryptedText(findTestObject("Object Repository/Operator/OpLogin/Page_Runo/input_Operator_form-control ng_9"), "wEDVojD9906x1g0B3VxO5g=="): Text ****** has been set on object 'Object Repository/Operator/OpLogin/Page_Runo/input_Operator_form-control ng_9'

2019-05-16 13:42:22 - [MESSAGE][PASSED] - Text ****** has been set on object 'Object Repository/Operator/OpLogin/Page_Runo/input_Operator_form-control ng_9'

2019-05-16 13:42:22 - [TEST_STEP][PASSED] - setEncryptedText(findTestObject("Object Repository/Operator/OpLogin/Page_Runo/input_Operator_form-control ng_10"), "wEDVojD9905YSeMDfDCy9A=="): Text ****** has been set on object 'Object Repository/Operator/OpLogin/Page_Runo/input_Operator_form-control ng_10'

2019-05-16 13:42:22 - [MESSAGE][PASSED] - Text ****** has been set on object 'Object Repository/Operator/OpLogin/Page_Runo/input_Operator_form-control ng_10'

2019-05-16 13:42:22 - [TEST_STEP][PASSED] - setEncryptedText(findTestObject("Object Repository/Operator/OpLogin/Page_Runo/input_Operator_form-control ng_11"), "wEDVojD9905YSeMDfDCy9A=="): Text ****** has been set on object 'Object Repository/Operator/OpLogin/Page_Runo/input_Operator_form-control ng_11'

2019-05-16 13:42:22 - [MESSAGE][PASSED] - Text ****** has been set on object 'Object Repository/Operator/OpLogin/Page_Runo/input_Operator_form-control ng_11'

2019-05-16 13:42:22 - [TEST_STEP][PASSED] - click(findTestObject("Object Repository/Operator/OpLogin/Page_Runo/input_Operator_btn gardianButt")): Object: 'Object Repository/Operator/OpLogin/Page_Runo/input_Operator_btn gardianButt' is clicked on

2019-05-16 13:42:23 - [MESSAGE][PASSED] - Object: 'Object Repository/Operator/OpLogin/Page_Runo/input_Operator_btn gardianButt' is clicked on]]></system-out>
         <system-err><![CDATA[]]></system-err>
      </testcase>
      <testcase name="Test Cases/Operator/Walkin/Without GST/i. Wakin_With_Credit_Mode" classname="Test Cases/Operator/Walkin/Without GST/i. Wakin_With_Credit_Mode" status="PASSED">
         <system-out><![CDATA[2019-05-16 13:42:23 - [TEST_CASE][PASSED] - Test Cases/Operator/Walkin/Without GST/i. Wakin_With_Credit_Mode: Test Cases/Operator/Walkin/Without GST/i. Wakin_With_Credit_Mode

2019-05-16 13:42:23 - [TEST_STEP][PASSED] - return null: null]]></system-out>
         <system-err><![CDATA[]]></system-err>
      </testcase>
      <system-out><![CDATA[2019-05-16 13:41:33 - [TEST_SUITE][PASSED] - Tes: Test Cases/Operator/Walkin/Without GST/i. Wakin_With_Credit_Mode]]></system-out>
      <system-err><![CDATA[]]></system-err>
   </testsuite>
</testsuites>
