<?xml version="1.0" encoding="UTF-8"?>
<testsuites name="Tes" time="102" tests="2" failures="0" errors="0">
   <testsuite name="Tes" tests="2" failures="0" errors="0" time="102" timestamp="2019-05-16 13:00:54" hostname="ranje - 192.168.1.19" id="Test Suites/Test Demo/Tes">
      <properties>
         <property name="deviceName" value=""/>
         <property name="devicePlatform" value=""/>
         <property name="logFolder" value="C:\\RunoWeb-Automation\\Reports\\Test Demo\\Tes\\20190516_130049"/>
         <property name="logFiles" value="C:\\RunoWeb-Automation\\Reports\\Test Demo\\Tes\\20190516_130049\\execution0.log"/>
         <property name="attachments" value="C:\\RunoWeb-Automation\\Reports\\Test Demo\\Tes\\20190516_130049\\1557991932199.png"/>
         <property name="hostName" value="ranje - 192.168.1.19"/>
         <property name="os" value="Windows 10 64bit"/>
         <property name="katalonVersion" value="5.10.1.1"/>
         <property name="browser" value="Firefox 66.0"/>
         <property name="hostAddress" value="192.168.1.19"/>
         <property name="sessionId" value="3fb233dc-6e43-449c-957b-314168997b13"/>
         <property name="seleniumVersion" value="3.7.1"/>
         <property name="proxyInformation" value="ProxyInformation{proxyOption=NO_PROXY, proxyServerType=HTTP, password=, proxyServerAddress=, proxyServerPort=0}"/>
         <property name="platform" value="Windows 10"/>
      </properties>
      <testcase name="Test Cases/Operator/OpLogin/OpLogin" classname="Test Cases/Operator/OpLogin/OpLogin" status="PASSED">
         <system-out><![CDATA[2019-05-16 13:00:54 - [TEST_CASE][PASSED] - Test Cases/Operator/OpLogin/OpLogin: Test Cases/Operator/OpLogin/OpLogin

2019-05-16 13:00:55 - [TEST_STEP][PASSED] - openBrowser(""): Browser is opened with url: ''

2019-05-16 13:00:56 - [MESSAGE][INFO] - Starting 'Firefox' driver

2019-05-16 13:00:56 - [MESSAGE][INFO] - Action delay is set to 0 seconds

2019-05-16 13:01:10 - [MESSAGE][PASSED] - Browser is opened with url: ''

2019-05-16 13:01:10 - [TEST_STEP][PASSED] - navigateToUrl("http://13.126.72.115:4200/"): Navigate to 'http://13.126.72.115:4200/' successfully

2019-05-16 13:01:23 - [MESSAGE][PASSED] - Navigate to 'http://13.126.72.115:4200/' successfully

2019-05-16 13:01:23 - [TEST_STEP][PASSED] - maximizeWindow(OPTIONAL): Current window maximized

2019-05-16 13:01:23 - [MESSAGE][PASSED] - Current window maximized

2019-05-16 13:01:23 - [TEST_STEP][PASSED] - click(findTestObject("Object Repository/Operator/OpLogin/Page_Runo/div_Operator")): Object: 'Object Repository/Operator/OpLogin/Page_Runo/div_Operator' is clicked on

2019-05-16 13:01:24 - [MESSAGE][PASSED] - Object: 'Object Repository/Operator/OpLogin/Page_Runo/div_Operator' is clicked on

2019-05-16 13:01:24 - [TEST_STEP][PASSED] - delay(5, STOP_ON_FAILURE): Delayed 5 second(s)

2019-05-16 13:01:29 - [MESSAGE][PASSED] - Delayed 5 second(s)

2019-05-16 13:01:29 - [TEST_STEP][PASSED] - setText(findTestObject("Object Repository/Operator/OpLogin/Page_Runo/input_Operator_form-control ng"), "8830175062"): Text '8830175062' is set on object 'Object Repository/Operator/OpLogin/Page_Runo/input_Operator_form-control ng'

2019-05-16 13:01:30 - [MESSAGE][PASSED] - Text '8830175062' is set on object 'Object Repository/Operator/OpLogin/Page_Runo/input_Operator_form-control ng'

2019-05-16 13:01:30 - [TEST_STEP][PASSED] - setEncryptedText(findTestObject("Object Repository/Operator/OpLogin/Page_Runo/input_Operator_form-control ng_1"), "0VuygnA+GFY="): Text ****** has been set on object 'Object Repository/Operator/OpLogin/Page_Runo/input_Operator_form-control ng_1'

2019-05-16 13:01:30 - [MESSAGE][PASSED] - Text ****** has been set on object 'Object Repository/Operator/OpLogin/Page_Runo/input_Operator_form-control ng_1'

2019-05-16 13:01:30 - [TEST_STEP][PASSED] - setEncryptedText(findTestObject("Object Repository/Operator/OpLogin/Page_Runo/input_Operator_form-control ng_2"), "4QsYikuMnfc="): Text ****** has been set on object 'Object Repository/Operator/OpLogin/Page_Runo/input_Operator_form-control ng_2'

2019-05-16 13:01:31 - [MESSAGE][PASSED] - Text ****** has been set on object 'Object Repository/Operator/OpLogin/Page_Runo/input_Operator_form-control ng_2'

2019-05-16 13:01:31 - [TEST_STEP][PASSED] - setEncryptedText(findTestObject("Object Repository/Operator/OpLogin/Page_Runo/input_Operator_form-control ng_3"), "uyqgJ3PclbQ="): Text ****** has been set on object 'Object Repository/Operator/OpLogin/Page_Runo/input_Operator_form-control ng_3'

2019-05-16 13:01:31 - [MESSAGE][PASSED] - Text ****** has been set on object 'Object Repository/Operator/OpLogin/Page_Runo/input_Operator_form-control ng_3'

2019-05-16 13:01:31 - [TEST_STEP][PASSED] - setEncryptedText(findTestObject("Object Repository/Operator/OpLogin/Page_Runo/input_Operator_form-control ng_4"), "/yoJQMt7SF0="): Text ****** has been set on object 'Object Repository/Operator/OpLogin/Page_Runo/input_Operator_form-control ng_4'

2019-05-16 13:01:31 - [MESSAGE][PASSED] - Text ****** has been set on object 'Object Repository/Operator/OpLogin/Page_Runo/input_Operator_form-control ng_4'

2019-05-16 13:01:31 - [TEST_STEP][PASSED] - setEncryptedText(findTestObject("Object Repository/Operator/OpLogin/Page_Runo/input_Operator_form-control ng_5"), "2wIR5rizw6I="): Text ****** has been set on object 'Object Repository/Operator/OpLogin/Page_Runo/input_Operator_form-control ng_5'

2019-05-16 13:01:31 - [MESSAGE][PASSED] - Text ****** has been set on object 'Object Repository/Operator/OpLogin/Page_Runo/input_Operator_form-control ng_5'

2019-05-16 13:01:31 - [TEST_STEP][PASSED] - setEncryptedText(findTestObject("Object Repository/Operator/OpLogin/Page_Runo/input_Operator_form-control ng_6"), "xcsEsceOxMQ="): Text ****** has been set on object 'Object Repository/Operator/OpLogin/Page_Runo/input_Operator_form-control ng_6'

2019-05-16 13:01:31 - [MESSAGE][PASSED] - Text ****** has been set on object 'Object Repository/Operator/OpLogin/Page_Runo/input_Operator_form-control ng_6'

2019-05-16 13:01:31 - [TEST_STEP][PASSED] - setEncryptedText(findTestObject("Object Repository/Operator/OpLogin/Page_Runo/input_Operator_form-control ng_7"), "0r6XmuTReV8="): Text ****** has been set on object 'Object Repository/Operator/OpLogin/Page_Runo/input_Operator_form-control ng_7'

2019-05-16 13:01:31 - [MESSAGE][PASSED] - Text ****** has been set on object 'Object Repository/Operator/OpLogin/Page_Runo/input_Operator_form-control ng_7'

2019-05-16 13:01:31 - [TEST_STEP][PASSED] - setEncryptedText(findTestObject("Object Repository/Operator/OpLogin/Page_Runo/input_Operator_form-control ng_8"), "wEDVojD9906R+kXWuM9ihA=="): Text ****** has been set on object 'Object Repository/Operator/OpLogin/Page_Runo/input_Operator_form-control ng_8'

2019-05-16 13:01:31 - [MESSAGE][PASSED] - Text ****** has been set on object 'Object Repository/Operator/OpLogin/Page_Runo/input_Operator_form-control ng_8'

2019-05-16 13:01:31 - [TEST_STEP][PASSED] - setEncryptedText(findTestObject("Object Repository/Operator/OpLogin/Page_Runo/input_Operator_form-control ng_9"), "wEDVojD9906x1g0B3VxO5g=="): Text ****** has been set on object 'Object Repository/Operator/OpLogin/Page_Runo/input_Operator_form-control ng_9'

2019-05-16 13:01:32 - [MESSAGE][PASSED] - Text ****** has been set on object 'Object Repository/Operator/OpLogin/Page_Runo/input_Operator_form-control ng_9'

2019-05-16 13:01:32 - [TEST_STEP][PASSED] - setEncryptedText(findTestObject("Object Repository/Operator/OpLogin/Page_Runo/input_Operator_form-control ng_10"), "wEDVojD9905YSeMDfDCy9A=="): Text ****** has been set on object 'Object Repository/Operator/OpLogin/Page_Runo/input_Operator_form-control ng_10'

2019-05-16 13:01:32 - [MESSAGE][PASSED] - Text ****** has been set on object 'Object Repository/Operator/OpLogin/Page_Runo/input_Operator_form-control ng_10'

2019-05-16 13:01:32 - [TEST_STEP][PASSED] - setEncryptedText(findTestObject("Object Repository/Operator/OpLogin/Page_Runo/input_Operator_form-control ng_11"), "wEDVojD9905YSeMDfDCy9A=="): Text ****** has been set on object 'Object Repository/Operator/OpLogin/Page_Runo/input_Operator_form-control ng_11'

2019-05-16 13:01:32 - [MESSAGE][PASSED] - Text ****** has been set on object 'Object Repository/Operator/OpLogin/Page_Runo/input_Operator_form-control ng_11'

2019-05-16 13:01:32 - [TEST_STEP][PASSED] - click(findTestObject("Object Repository/Operator/OpLogin/Page_Runo/input_Operator_btn gardianButt")): Object: 'Object Repository/Operator/OpLogin/Page_Runo/input_Operator_btn gardianButt' is clicked on

2019-05-16 13:01:32 - [MESSAGE][PASSED] - Object: 'Object Repository/Operator/OpLogin/Page_Runo/input_Operator_btn gardianButt' is clicked on]]></system-out>
         <system-err><![CDATA[]]></system-err>
      </testcase>
      <testcase name="Test Cases/Operator/Walkin/Without GST/d. Walkin_With_AvailMembership_Benefits" classname="Test Cases/Operator/Walkin/Without GST/d. Walkin_With_AvailMembership_Benefits" status="PASSED">
         <system-out><![CDATA[2019-05-16 13:01:32 - [TEST_CASE][PASSED] - Test Cases/Operator/Walkin/Without GST/d. Walkin_With_AvailMembership_Benefits: Test Cases/Operator/Walkin/Without GST/d. Walkin_With_AvailMembership_Benefits

2019-05-16 13:01:33 - [TEST_STEP][PASSED] - in.runo.operator.walkin.membership.Walkin_With_Membership.addMembership("9028485995", "Add Memb"): in.runo.operator.walkin.membership.Walkin_With_Membership.addMembership is PASSED

2019-05-16 13:01:34 - [MESSAGE][PASSED] - Delayed 1 second(s)

2019-05-16 13:01:37 - [MESSAGE][PASSED] - Text '9028485995' is set on object 'Object Repository/Operator/Walkin/a. Walkin_With_IndDiscount/Input_mobileNumber'

2019-05-16 13:01:40 - [MESSAGE][PASSED] - Delayed 3 second(s)

2019-05-16 13:01:41 - [MESSAGE][PASSED] - Object: 'Object Repository/Operator/Walkin/a. Walkin_With_IndDiscount/Click_existingCustomer' is clicked on

2019-05-16 13:02:12 - [MESSAGE][INFO] - Unable to find the element located by 'By.xpath: //span[@class='buyMembership__text']'. Please recheck the objects properties to make sure the desired element is located. 

2019-05-16 13:02:12 - [MESSAGE][FAILED] - Unable to scroll to object 'Object Repository/Operator/Walkin/c. Membership/Click_MembershipButton' (Root cause: com.kms.katalon.core.webui.exception.WebElementNotFoundException: Web element with id: 'Object Repository/Operator/Walkin/c. Membership/Click_MembershipButton' located by 'By.xpath: //span[@class='buyMembership__text']' not found)
[[ATTACHMENT|C:\\RunoWeb-Automation\\Reports\\Test Demo\\Tes\\20190516_130049\\1557991932199.png]]

2019-05-16 13:02:23 - [MESSAGE][PASSED] - Refresh successfully

2019-05-16 13:02:25 - [MESSAGE][PASSED] - Delayed 2 second(s)

2019-05-16 13:02:25 - [MESSAGE][PASSED] - in.runo.operator.walkin.membership.Walkin_With_Membership.addMembership is PASSED

2019-05-16 13:02:25 - [TEST_STEP][PASSED] - in.runo.operator.walkin.membership.Walkin_With_Membership.availMembershipBenefits_Without_GST("9028485995", "Ranjeet"): in.runo.operator.walkin.membership.Walkin_With_Membership.availMembershipBenefits_Without_GST is PASSED

2019-05-16 13:02:26 - [MESSAGE][PASSED] - Delayed 1 second(s)

2019-05-16 13:02:26 - [MESSAGE][PASSED] - Text '9028485995' is set on object 'Object Repository/Operator/Walkin/a. Walkin_With_IndDiscount/Input_mobileNumber'

2019-05-16 13:02:29 - [MESSAGE][PASSED] - Delayed 3 second(s)

2019-05-16 13:02:29 - [MESSAGE][PASSED] - Object: 'Object Repository/Operator/Walkin/a. Walkin_With_IndDiscount/Click_existingCustomer' is clicked on

2019-05-16 13:02:30 - [MESSAGE][PASSED] - Object: 'Object Repository/Operator/Walkin/a. Walkin_With_IndDiscount/SummaryValidation Object/Click_Service_DropDown_List' is clicked on

2019-05-16 13:02:30 - [MESSAGE][PASSED] - Object: 'Object Repository/Operator/Walkin/a. Walkin_With_IndDiscount/SummaryValidation Object/Click_Select_serviceName' is clicked on

2019-05-16 13:02:30 - [MESSAGE][PASSED] - Object: 'Object Repository/Operator/Walkin/a. Walkin_With_IndDiscount/SummaryValidation Object/Click_Employee_DropDown_List' is clicked on

2019-05-16 13:02:31 - [MESSAGE][PASSED] - Object: 'Object Repository/Operator/Walkin/a. Walkin_With_IndDiscount/SummaryValidation Object/Click_Select-EmployeeName' is clicked on

2019-05-16 13:02:31 - [MESSAGE][PASSED] - Object: 'Object Repository/Operator/Walkin/a. Walkin_With_IndDiscount/SummaryValidation Object/Click_AddSummary' is clicked on

2019-05-16 13:02:32 - [MESSAGE][PASSED] - Delayed 1 second(s)

2019-05-16 13:02:32 - [MESSAGE][PASSED] - Object: 'Object Repository/Operator/Walkin/a. Walkin_With_IndDiscount/SummaryValidation Object/Click_UnCheck_GST' is clicked on

2019-05-16 13:02:33 - [MESSAGE][PASSED] - Text of object 'Object Repository/Operator/Walkin/a. Walkin_With_IndDiscount/SummaryValidation Object/getText_ServicePrice1' is: ' 3000  INR'

2019-05-16 13:02:33 - [MESSAGE][PASSED] - Text of object 'Object Repository/Operator/Walkin/c. Membership/Avail membership benefits/getText_AppliedMembership_Discount' is: '1500 INR OFF'

2019-05-16 13:02:33 - [MESSAGE][PASSED] - in.runo.operator.walkin.membership.Walkin_With_Membership.availMembershipBenefits_Without_GST is PASSED]]></system-out>
         <system-err><![CDATA[]]></system-err>
      </testcase>
      <system-out><![CDATA[2019-05-16 13:00:54 - [TEST_SUITE][PASSED] - Tes: Test Cases/Operator/Walkin/Without GST/d. Walkin_With_AvailMembership_Benefits]]></system-out>
      <system-err><![CDATA[]]></system-err>
   </testsuite>
</testsuites>
