<?xml version="1.0" encoding="UTF-8"?>
<testsuites name="Tes" time="40" tests="2" failures="0" errors="0">
   <testsuite name="Tes" tests="2" failures="0" errors="0" time="40" timestamp="2019-05-15 19:17:23" hostname="ranje - 192.168.1.19" id="Test Suites/Test Demo/Tes">
      <properties>
         <property name="deviceName" value=""/>
         <property name="devicePlatform" value=""/>
         <property name="logFolder" value="C:\\RunoWeb-Automation\\Reports\\Test Demo\\Tes\\20190515_191719"/>
         <property name="logFiles" value="C:\\RunoWeb-Automation\\Reports\\Test Demo\\Tes\\20190515_191719\\execution0.log"/>
         <property name="attachments" value=""/>
         <property name="hostName" value="ranje - 192.168.1.19"/>
         <property name="os" value="Windows 10 64bit"/>
         <property name="katalonVersion" value="5.10.1.1"/>
         <property name="browser" value="Firefox 66.0"/>
         <property name="hostAddress" value="192.168.1.19"/>
         <property name="sessionId" value="871cd6cd-92d1-4e4e-86fc-9ea41b9a89ce"/>
         <property name="seleniumVersion" value="3.7.1"/>
         <property name="proxyInformation" value="ProxyInformation{proxyOption=NO_PROXY, proxyServerType=HTTP, password=, proxyServerAddress=, proxyServerPort=0}"/>
         <property name="platform" value="Windows 10"/>
      </properties>
      <testcase name="Test Cases/Operator/OpLogin/OpLogin" classname="Test Cases/Operator/OpLogin/OpLogin" status="PASSED">
         <system-out><![CDATA[2019-05-15 19:17:24 - [TEST_CASE][PASSED] - Test Cases/Operator/OpLogin/OpLogin: Test Cases/Operator/OpLogin/OpLogin

2019-05-15 19:17:24 - [TEST_STEP][PASSED] - openBrowser(""): Browser is opened with url: ''

2019-05-15 19:17:25 - [MESSAGE][INFO] - Starting 'Firefox' driver

2019-05-15 19:17:25 - [MESSAGE][INFO] - Action delay is set to 0 seconds

2019-05-15 19:17:33 - [MESSAGE][PASSED] - Browser is opened with url: ''

2019-05-15 19:17:33 - [TEST_STEP][PASSED] - navigateToUrl("http://13.126.72.115:4200/"): Navigate to 'http://13.126.72.115:4200/' successfully

2019-05-15 19:17:41 - [MESSAGE][PASSED] - Navigate to 'http://13.126.72.115:4200/' successfully

2019-05-15 19:17:41 - [TEST_STEP][PASSED] - maximizeWindow(OPTIONAL): Current window maximized

2019-05-15 19:17:41 - [MESSAGE][PASSED] - Current window maximized

2019-05-15 19:17:41 - [TEST_STEP][PASSED] - click(findTestObject("Object Repository/Operator/OpLogin/Page_Runo/div_Operator")): Object: 'Object Repository/Operator/OpLogin/Page_Runo/div_Operator' is clicked on

2019-05-15 19:17:42 - [MESSAGE][PASSED] - Object: 'Object Repository/Operator/OpLogin/Page_Runo/div_Operator' is clicked on

2019-05-15 19:17:42 - [TEST_STEP][PASSED] - delay(5, STOP_ON_FAILURE): Delayed 5 second(s)

2019-05-15 19:17:47 - [MESSAGE][PASSED] - Delayed 5 second(s)

2019-05-15 19:17:47 - [TEST_STEP][PASSED] - setText(findTestObject("Object Repository/Operator/OpLogin/Page_Runo/input_Operator_form-control ng"), "8830175062"): Text '8830175062' is set on object 'Object Repository/Operator/OpLogin/Page_Runo/input_Operator_form-control ng'

2019-05-15 19:17:47 - [MESSAGE][PASSED] - Text '8830175062' is set on object 'Object Repository/Operator/OpLogin/Page_Runo/input_Operator_form-control ng'

2019-05-15 19:17:47 - [TEST_STEP][PASSED] - setEncryptedText(findTestObject("Object Repository/Operator/OpLogin/Page_Runo/input_Operator_form-control ng_1"), "0VuygnA+GFY="): Text ****** has been set on object 'Object Repository/Operator/OpLogin/Page_Runo/input_Operator_form-control ng_1'

2019-05-15 19:17:47 - [MESSAGE][PASSED] - Text ****** has been set on object 'Object Repository/Operator/OpLogin/Page_Runo/input_Operator_form-control ng_1'

2019-05-15 19:17:47 - [TEST_STEP][PASSED] - setEncryptedText(findTestObject("Object Repository/Operator/OpLogin/Page_Runo/input_Operator_form-control ng_2"), "4QsYikuMnfc="): Text ****** has been set on object 'Object Repository/Operator/OpLogin/Page_Runo/input_Operator_form-control ng_2'

2019-05-15 19:17:47 - [MESSAGE][PASSED] - Text ****** has been set on object 'Object Repository/Operator/OpLogin/Page_Runo/input_Operator_form-control ng_2'

2019-05-15 19:17:47 - [TEST_STEP][PASSED] - setEncryptedText(findTestObject("Object Repository/Operator/OpLogin/Page_Runo/input_Operator_form-control ng_3"), "uyqgJ3PclbQ="): Text ****** has been set on object 'Object Repository/Operator/OpLogin/Page_Runo/input_Operator_form-control ng_3'

2019-05-15 19:17:48 - [MESSAGE][PASSED] - Text ****** has been set on object 'Object Repository/Operator/OpLogin/Page_Runo/input_Operator_form-control ng_3'

2019-05-15 19:17:48 - [TEST_STEP][PASSED] - setEncryptedText(findTestObject("Object Repository/Operator/OpLogin/Page_Runo/input_Operator_form-control ng_4"), "/yoJQMt7SF0="): Text ****** has been set on object 'Object Repository/Operator/OpLogin/Page_Runo/input_Operator_form-control ng_4'

2019-05-15 19:17:48 - [MESSAGE][PASSED] - Text ****** has been set on object 'Object Repository/Operator/OpLogin/Page_Runo/input_Operator_form-control ng_4'

2019-05-15 19:17:48 - [TEST_STEP][PASSED] - setEncryptedText(findTestObject("Object Repository/Operator/OpLogin/Page_Runo/input_Operator_form-control ng_5"), "2wIR5rizw6I="): Text ****** has been set on object 'Object Repository/Operator/OpLogin/Page_Runo/input_Operator_form-control ng_5'

2019-05-15 19:17:48 - [MESSAGE][PASSED] - Text ****** has been set on object 'Object Repository/Operator/OpLogin/Page_Runo/input_Operator_form-control ng_5'

2019-05-15 19:17:48 - [TEST_STEP][PASSED] - setEncryptedText(findTestObject("Object Repository/Operator/OpLogin/Page_Runo/input_Operator_form-control ng_6"), "xcsEsceOxMQ="): Text ****** has been set on object 'Object Repository/Operator/OpLogin/Page_Runo/input_Operator_form-control ng_6'

2019-05-15 19:17:48 - [MESSAGE][PASSED] - Text ****** has been set on object 'Object Repository/Operator/OpLogin/Page_Runo/input_Operator_form-control ng_6'

2019-05-15 19:17:48 - [TEST_STEP][PASSED] - setEncryptedText(findTestObject("Object Repository/Operator/OpLogin/Page_Runo/input_Operator_form-control ng_7"), "0r6XmuTReV8="): Text ****** has been set on object 'Object Repository/Operator/OpLogin/Page_Runo/input_Operator_form-control ng_7'

2019-05-15 19:17:48 - [MESSAGE][PASSED] - Text ****** has been set on object 'Object Repository/Operator/OpLogin/Page_Runo/input_Operator_form-control ng_7'

2019-05-15 19:17:48 - [TEST_STEP][PASSED] - setEncryptedText(findTestObject("Object Repository/Operator/OpLogin/Page_Runo/input_Operator_form-control ng_8"), "wEDVojD9906R+kXWuM9ihA=="): Text ****** has been set on object 'Object Repository/Operator/OpLogin/Page_Runo/input_Operator_form-control ng_8'

2019-05-15 19:17:48 - [MESSAGE][PASSED] - Text ****** has been set on object 'Object Repository/Operator/OpLogin/Page_Runo/input_Operator_form-control ng_8'

2019-05-15 19:17:48 - [TEST_STEP][PASSED] - setEncryptedText(findTestObject("Object Repository/Operator/OpLogin/Page_Runo/input_Operator_form-control ng_9"), "wEDVojD9906x1g0B3VxO5g=="): Text ****** has been set on object 'Object Repository/Operator/OpLogin/Page_Runo/input_Operator_form-control ng_9'

2019-05-15 19:17:48 - [MESSAGE][PASSED] - Text ****** has been set on object 'Object Repository/Operator/OpLogin/Page_Runo/input_Operator_form-control ng_9'

2019-05-15 19:17:48 - [TEST_STEP][PASSED] - setEncryptedText(findTestObject("Object Repository/Operator/OpLogin/Page_Runo/input_Operator_form-control ng_10"), "wEDVojD9905YSeMDfDCy9A=="): Text ****** has been set on object 'Object Repository/Operator/OpLogin/Page_Runo/input_Operator_form-control ng_10'

2019-05-15 19:17:48 - [MESSAGE][PASSED] - Text ****** has been set on object 'Object Repository/Operator/OpLogin/Page_Runo/input_Operator_form-control ng_10'

2019-05-15 19:17:48 - [TEST_STEP][PASSED] - setEncryptedText(findTestObject("Object Repository/Operator/OpLogin/Page_Runo/input_Operator_form-control ng_11"), "wEDVojD9905YSeMDfDCy9A=="): Text ****** has been set on object 'Object Repository/Operator/OpLogin/Page_Runo/input_Operator_form-control ng_11'

2019-05-15 19:17:48 - [MESSAGE][PASSED] - Text ****** has been set on object 'Object Repository/Operator/OpLogin/Page_Runo/input_Operator_form-control ng_11'

2019-05-15 19:17:48 - [TEST_STEP][PASSED] - click(findTestObject("Object Repository/Operator/OpLogin/Page_Runo/input_Operator_btn gardianButt")): Object: 'Object Repository/Operator/OpLogin/Page_Runo/input_Operator_btn gardianButt' is clicked on

2019-05-15 19:17:48 - [MESSAGE][PASSED] - Object: 'Object Repository/Operator/OpLogin/Page_Runo/input_Operator_btn gardianButt' is clicked on]]></system-out>
         <system-err><![CDATA[]]></system-err>
      </testcase>
      <testcase name="Test Cases/Operator/Walkin/With GST/e. Walkin_With_OverallDiscount and MembershipDiscount" classname="Test Cases/Operator/Walkin/With GST/e. Walkin_With_OverallDiscount and MembershipDiscount" status="PASSED">
         <system-out><![CDATA[2019-05-15 19:17:48 - [TEST_CASE][PASSED] - Test Cases/Operator/Walkin/With GST/e. Walkin_With_OverallDiscount and MembershipDiscount: Test Cases/Operator/Walkin/With GST/e. Walkin_With_OverallDiscount and MembershipDiscount

2019-05-15 19:17:49 - [TEST_STEP][PASSED] - in.runo.operator.walkin.membership.Walkin_With_OverallDiscount_And_MembershipDiscount.createWalkinWithOverallAndMembershipDiscount("9028485995", "Ranjeet", "25"): in.runo.operator.walkin.membership.Walkin_With_OverallDiscount_And_MembershipDiscount.createWalkinWithOverallAndMembershipDiscount is PASSED

2019-05-15 19:17:50 - [MESSAGE][PASSED] - Delayed 1 second(s)

2019-05-15 19:17:51 - [MESSAGE][PASSED] - Text '9028485995' is set on object 'Object Repository/Operator/Walkin/a. Walkin_With_IndDiscount/Input_mobileNumber'

2019-05-15 19:17:54 - [MESSAGE][PASSED] - Delayed 3 second(s)

2019-05-15 19:17:55 - [MESSAGE][PASSED] - Object: 'Object Repository/Operator/Walkin/a. Walkin_With_IndDiscount/Click_existingCustomer' is clicked on

2019-05-15 19:17:56 - [MESSAGE][PASSED] - Delayed 1 second(s)

2019-05-15 19:17:56 - [MESSAGE][PASSED] - Object: 'Object Repository/Operator/Walkin/a. Walkin_With_IndDiscount/SummaryValidation Object/Click_Service_DropDown_List' is clicked on

2019-05-15 19:17:56 - [MESSAGE][PASSED] - Object: 'Object Repository/Operator/Walkin/a. Walkin_With_IndDiscount/SummaryValidation Object/Click_Select_serviceName' is clicked on

2019-05-15 19:17:57 - [MESSAGE][PASSED] - Object: 'Object Repository/Operator/Walkin/a. Walkin_With_IndDiscount/SummaryValidation Object/Click_Employee_DropDown_List' is clicked on

2019-05-15 19:17:57 - [MESSAGE][PASSED] - Object: 'Object Repository/Operator/Walkin/a. Walkin_With_IndDiscount/SummaryValidation Object/Click_Select-EmployeeName' is clicked on

2019-05-15 19:17:57 - [MESSAGE][PASSED] - Object: 'Object Repository/Operator/Walkin/a. Walkin_With_IndDiscount/SummaryValidation Object/Click_AddSummary' is clicked on

2019-05-15 19:17:58 - [MESSAGE][PASSED] - Delayed 1 second(s)

2019-05-15 19:17:58 - [MESSAGE][PASSED] - Object: 'Object Repository/Operator/Walkin/b. Walkin_With_Overall_Discount/Click_Overall_DiscountButton' is clicked on

2019-05-15 19:17:59 - [MESSAGE][PASSED] - Text '25' is set on object 'Object Repository/Operator/Walkin/b. Walkin_With_Overall_Discount/Input_OverallDiscount_In_Percentage'

2019-05-15 19:17:59 - [MESSAGE][PASSED] - Object: 'Object Repository/Operator/Walkin/b. Walkin_With_Overall_Discount/Click_ApplyOverall_Discount' is clicked on

2019-05-15 19:17:59 - [MESSAGE][PASSED] - Attribute 'value' of object 'Object Repository/Operator/Walkin/b. Walkin_With_Overall_Discount/getText_ProvidedOverall_Discount_In_Percentage' is: '25'

2019-05-15 19:17:59 - [MESSAGE][PASSED] - Text of object 'Object Repository/Operator/Walkin/a. Walkin_With_IndDiscount/SummaryValidation Object/getText_ServicePrice1' is: ' 3000  INR'

2019-05-15 19:17:59 - [MESSAGE][PASSED] - Text of object 'Object Repository/Operator/Walkin/a. Walkin_With_IndDiscount/SummaryValidation Object/getText_getActualGSTAmt' is: ' 135  INR'

2019-05-15 19:17:59 - [MESSAGE][PASSED] - Text of object 'Object Repository/Operator/Walkin/c. Membership/Avail membership benefits/getText_AppliedMembership_Discount' is: '1500 INR OFF'

2019-05-15 19:18:00 - [MESSAGE][PASSED] - Text of object 'Object Repository/Operator/Walkin/b. Walkin_With_Overall_Discount/getText_Applied_Overall_Discount' is: '750 INR OFF'

2019-05-15 19:18:00 - [MESSAGE][PASSED] - Text of object 'Object Repository/Operator/Walkin/a. Walkin_With_IndDiscount/SummaryValidation Object/getText_getTotalPayable' is: ' 885 INR'

2019-05-15 19:18:00 - [MESSAGE][PASSED] - Text of object 'Object Repository/Operator/Walkin/a. Walkin_With_IndDiscount/SummaryValidation Object/getText_AmountPaid' is: ' 0 INR'

2019-05-15 19:18:00 - [MESSAGE][PASSED] - Text of object 'Object Repository/Operator/Walkin/a. Walkin_With_IndDiscount/SummaryValidation Object/getText_Balance' is: ' 885 INR'

2019-05-15 19:18:00 - [MESSAGE][PASSED] - Attribute 'value' of object 'Object Repository/Operator/Walkin/a. Walkin_With_IndDiscount/SummaryValidation Object/Input_PartialPaidAmount' is: '885'

2019-05-15 19:18:00 - [MESSAGE][PASSED] - Object: 'Object Repository/Operator/Walkin/a. Walkin_With_IndDiscount/SummaryValidation Object/Click_SelectPaymentMode_DropDown' is clicked on

2019-05-15 19:18:00 - [MESSAGE][PASSED] - Object: 'Object Repository/Operator/Walkin/a. Walkin_With_IndDiscount/SummaryValidation Object/Click_selectMode_Cash' is clicked on

2019-05-15 19:18:00 - [MESSAGE][PASSED] - Object: 'Object Repository/Operator/Walkin/a. Walkin_With_IndDiscount/SummaryValidation Object/Click_On_ADDButtonToAddModesOfPayment' is clicked on

2019-05-15 19:18:01 - [MESSAGE][PASSED] - Object: 'Object Repository/Operator/Walkin/a. Walkin_With_IndDiscount/SummaryValidation Object/Click_Submit_Walkin' is clicked on

2019-05-15 19:18:01 - [MESSAGE][PASSED] - Object: 'Object Repository/Operator/Walkin/a. Walkin_With_IndDiscount/Click_Create_New_Walkin' is clicked on

2019-05-15 19:18:01 - [MESSAGE][PASSED] - in.runo.operator.walkin.membership.Walkin_With_OverallDiscount_And_MembershipDiscount.createWalkinWithOverallAndMembershipDiscount is PASSED]]></system-out>
         <system-err><![CDATA[]]></system-err>
      </testcase>
      <system-out><![CDATA[2019-05-15 19:17:23 - [TEST_SUITE][PASSED] - Tes: Test Cases/Operator/Walkin/With GST/e. Walkin_With_OverallDiscount and MembershipDiscount]]></system-out>
      <system-err><![CDATA[]]></system-err>
   </testsuite>
</testsuites>
