<?xml version="1.0" encoding="UTF-8"?>
<testsuites name="Tes" time="90" tests="2" failures="0" errors="0">
   <testsuite name="Tes" tests="2" failures="0" errors="0" time="90" timestamp="2019-05-16 11:37:30" hostname="ranje - DESKTOP-EVQLC2E" id="Test Suites/Test Demo/Tes">
      <properties>
         <property name="deviceName" value=""/>
         <property name="devicePlatform" value=""/>
         <property name="logFolder" value="C:\\RunoWeb-Automation\\Reports\\Test Demo\\Tes\\20190516_113727"/>
         <property name="logFiles" value="C:\\RunoWeb-Automation\\Reports\\Test Demo\\Tes\\20190516_113727\\execution0.log"/>
         <property name="attachments" value=""/>
         <property name="hostName" value="ranje - DESKTOP-EVQLC2E"/>
         <property name="os" value="Windows 10 64bit"/>
         <property name="katalonVersion" value="5.10.1.1"/>
         <property name="browser" value="Firefox 66.0"/>
         <property name="hostAddress" value="192.168.43.249"/>
         <property name="sessionId" value="740ba18d-892b-4e2e-a91c-aae0b45b8fec"/>
         <property name="seleniumVersion" value="3.7.1"/>
         <property name="proxyInformation" value="ProxyInformation{proxyOption=NO_PROXY, proxyServerType=HTTP, password=, proxyServerAddress=, proxyServerPort=0}"/>
         <property name="platform" value="Windows 10"/>
      </properties>
      <testcase name="Test Cases/Operator/OpLogin/OpLogin" classname="Test Cases/Operator/OpLogin/OpLogin" status="PASSED">
         <system-out><![CDATA[2019-05-16 11:37:31 - [TEST_CASE][PASSED] - Test Cases/Operator/OpLogin/OpLogin: Test Cases/Operator/OpLogin/OpLogin

2019-05-16 11:37:31 - [TEST_STEP][PASSED] - openBrowser(""): Browser is opened with url: ''

2019-05-16 11:37:32 - [MESSAGE][INFO] - Starting 'Firefox' driver

2019-05-16 11:37:32 - [MESSAGE][INFO] - Action delay is set to 0 seconds

2019-05-16 11:37:47 - [MESSAGE][PASSED] - Browser is opened with url: ''

2019-05-16 11:37:47 - [TEST_STEP][PASSED] - navigateToUrl("http://13.126.72.115:4200/"): Navigate to 'http://13.126.72.115:4200/' successfully

2019-05-16 11:38:13 - [MESSAGE][PASSED] - Navigate to 'http://13.126.72.115:4200/' successfully

2019-05-16 11:38:13 - [TEST_STEP][PASSED] - maximizeWindow(OPTIONAL): Current window maximized

2019-05-16 11:38:13 - [MESSAGE][PASSED] - Current window maximized

2019-05-16 11:38:13 - [TEST_STEP][PASSED] - click(findTestObject("Object Repository/Operator/OpLogin/Page_Runo/div_Operator")): Object: 'Object Repository/Operator/OpLogin/Page_Runo/div_Operator' is clicked on

2019-05-16 11:38:14 - [MESSAGE][PASSED] - Object: 'Object Repository/Operator/OpLogin/Page_Runo/div_Operator' is clicked on

2019-05-16 11:38:14 - [TEST_STEP][PASSED] - delay(5, STOP_ON_FAILURE): Delayed 5 second(s)

2019-05-16 11:38:19 - [MESSAGE][PASSED] - Delayed 5 second(s)

2019-05-16 11:38:19 - [TEST_STEP][PASSED] - setText(findTestObject("Object Repository/Operator/OpLogin/Page_Runo/input_Operator_form-control ng"), "8830175062"): Text '8830175062' is set on object 'Object Repository/Operator/OpLogin/Page_Runo/input_Operator_form-control ng'

2019-05-16 11:38:19 - [MESSAGE][PASSED] - Text '8830175062' is set on object 'Object Repository/Operator/OpLogin/Page_Runo/input_Operator_form-control ng'

2019-05-16 11:38:19 - [TEST_STEP][PASSED] - setEncryptedText(findTestObject("Object Repository/Operator/OpLogin/Page_Runo/input_Operator_form-control ng_1"), "0VuygnA+GFY="): Text ****** has been set on object 'Object Repository/Operator/OpLogin/Page_Runo/input_Operator_form-control ng_1'

2019-05-16 11:38:19 - [MESSAGE][PASSED] - Text ****** has been set on object 'Object Repository/Operator/OpLogin/Page_Runo/input_Operator_form-control ng_1'

2019-05-16 11:38:19 - [TEST_STEP][PASSED] - setEncryptedText(findTestObject("Object Repository/Operator/OpLogin/Page_Runo/input_Operator_form-control ng_2"), "4QsYikuMnfc="): Text ****** has been set on object 'Object Repository/Operator/OpLogin/Page_Runo/input_Operator_form-control ng_2'

2019-05-16 11:38:19 - [MESSAGE][PASSED] - Text ****** has been set on object 'Object Repository/Operator/OpLogin/Page_Runo/input_Operator_form-control ng_2'

2019-05-16 11:38:19 - [TEST_STEP][PASSED] - setEncryptedText(findTestObject("Object Repository/Operator/OpLogin/Page_Runo/input_Operator_form-control ng_3"), "uyqgJ3PclbQ="): Text ****** has been set on object 'Object Repository/Operator/OpLogin/Page_Runo/input_Operator_form-control ng_3'

2019-05-16 11:38:19 - [MESSAGE][PASSED] - Text ****** has been set on object 'Object Repository/Operator/OpLogin/Page_Runo/input_Operator_form-control ng_3'

2019-05-16 11:38:19 - [TEST_STEP][PASSED] - setEncryptedText(findTestObject("Object Repository/Operator/OpLogin/Page_Runo/input_Operator_form-control ng_4"), "/yoJQMt7SF0="): Text ****** has been set on object 'Object Repository/Operator/OpLogin/Page_Runo/input_Operator_form-control ng_4'

2019-05-16 11:38:19 - [MESSAGE][PASSED] - Text ****** has been set on object 'Object Repository/Operator/OpLogin/Page_Runo/input_Operator_form-control ng_4'

2019-05-16 11:38:19 - [TEST_STEP][PASSED] - setEncryptedText(findTestObject("Object Repository/Operator/OpLogin/Page_Runo/input_Operator_form-control ng_5"), "2wIR5rizw6I="): Text ****** has been set on object 'Object Repository/Operator/OpLogin/Page_Runo/input_Operator_form-control ng_5'

2019-05-16 11:38:19 - [MESSAGE][PASSED] - Text ****** has been set on object 'Object Repository/Operator/OpLogin/Page_Runo/input_Operator_form-control ng_5'

2019-05-16 11:38:19 - [TEST_STEP][PASSED] - setEncryptedText(findTestObject("Object Repository/Operator/OpLogin/Page_Runo/input_Operator_form-control ng_6"), "xcsEsceOxMQ="): Text ****** has been set on object 'Object Repository/Operator/OpLogin/Page_Runo/input_Operator_form-control ng_6'

2019-05-16 11:38:19 - [MESSAGE][PASSED] - Text ****** has been set on object 'Object Repository/Operator/OpLogin/Page_Runo/input_Operator_form-control ng_6'

2019-05-16 11:38:19 - [TEST_STEP][PASSED] - setEncryptedText(findTestObject("Object Repository/Operator/OpLogin/Page_Runo/input_Operator_form-control ng_7"), "0r6XmuTReV8="): Text ****** has been set on object 'Object Repository/Operator/OpLogin/Page_Runo/input_Operator_form-control ng_7'

2019-05-16 11:38:20 - [MESSAGE][PASSED] - Text ****** has been set on object 'Object Repository/Operator/OpLogin/Page_Runo/input_Operator_form-control ng_7'

2019-05-16 11:38:20 - [TEST_STEP][PASSED] - setEncryptedText(findTestObject("Object Repository/Operator/OpLogin/Page_Runo/input_Operator_form-control ng_8"), "wEDVojD9906R+kXWuM9ihA=="): Text ****** has been set on object 'Object Repository/Operator/OpLogin/Page_Runo/input_Operator_form-control ng_8'

2019-05-16 11:38:20 - [MESSAGE][PASSED] - Text ****** has been set on object 'Object Repository/Operator/OpLogin/Page_Runo/input_Operator_form-control ng_8'

2019-05-16 11:38:20 - [TEST_STEP][PASSED] - setEncryptedText(findTestObject("Object Repository/Operator/OpLogin/Page_Runo/input_Operator_form-control ng_9"), "wEDVojD9906x1g0B3VxO5g=="): Text ****** has been set on object 'Object Repository/Operator/OpLogin/Page_Runo/input_Operator_form-control ng_9'

2019-05-16 11:38:20 - [MESSAGE][PASSED] - Text ****** has been set on object 'Object Repository/Operator/OpLogin/Page_Runo/input_Operator_form-control ng_9'

2019-05-16 11:38:20 - [TEST_STEP][PASSED] - setEncryptedText(findTestObject("Object Repository/Operator/OpLogin/Page_Runo/input_Operator_form-control ng_10"), "wEDVojD9905YSeMDfDCy9A=="): Text ****** has been set on object 'Object Repository/Operator/OpLogin/Page_Runo/input_Operator_form-control ng_10'

2019-05-16 11:38:20 - [MESSAGE][PASSED] - Text ****** has been set on object 'Object Repository/Operator/OpLogin/Page_Runo/input_Operator_form-control ng_10'

2019-05-16 11:38:20 - [TEST_STEP][PASSED] - setEncryptedText(findTestObject("Object Repository/Operator/OpLogin/Page_Runo/input_Operator_form-control ng_11"), "wEDVojD9905YSeMDfDCy9A=="): Text ****** has been set on object 'Object Repository/Operator/OpLogin/Page_Runo/input_Operator_form-control ng_11'

2019-05-16 11:38:20 - [MESSAGE][PASSED] - Text ****** has been set on object 'Object Repository/Operator/OpLogin/Page_Runo/input_Operator_form-control ng_11'

2019-05-16 11:38:20 - [TEST_STEP][PASSED] - click(findTestObject("Object Repository/Operator/OpLogin/Page_Runo/input_Operator_btn gardianButt")): Object: 'Object Repository/Operator/OpLogin/Page_Runo/input_Operator_btn gardianButt' is clicked on

2019-05-16 11:38:20 - [MESSAGE][PASSED] - Object: 'Object Repository/Operator/OpLogin/Page_Runo/input_Operator_btn gardianButt' is clicked on]]></system-out>
         <system-err><![CDATA[]]></system-err>
      </testcase>
      <testcase name="Test Cases/Operator/Walkin/With GST/i. Walkin_With_Credit_Mode" classname="Test Cases/Operator/Walkin/With GST/i. Walkin_With_Credit_Mode" status="PASSED">
         <system-out><![CDATA[2019-05-16 11:38:20 - [TEST_CASE][PASSED] - Test Cases/Operator/Walkin/With GST/i. Walkin_With_Credit_Mode: Test Cases/Operator/Walkin/With GST/i. Walkin_With_Credit_Mode

2019-05-16 11:38:21 - [TEST_STEP][PASSED] - in.runo.operator.walkin.credit.Walkin_With_CreditAmount.usingCreditsValueForBilling("8830175063", "Using Credit Amount For Billing"): in.runo.operator.walkin.credit.Walkin_With_CreditAmount.usingCreditsValueForBilling is PASSED

2019-05-16 11:38:23 - [MESSAGE][PASSED] - Delayed 1 second(s)

2019-05-16 11:38:29 - [MESSAGE][PASSED] - Text '8830175063' is set on object 'Object Repository/Operator/Walkin/a. Walkin_With_IndDiscount/Input_mobileNumber'

2019-05-16 11:38:32 - [MESSAGE][PASSED] - Delayed 3 second(s)

2019-05-16 11:38:37 - [MESSAGE][PASSED] - Object: 'Object Repository/Operator/Walkin/a. Walkin_With_IndDiscount/Click_existingCustomer' is clicked on

2019-05-16 11:38:37 - [MESSAGE][PASSED] - Browser is scrolled to position x = 0, y = 600

2019-05-16 11:38:38 - [MESSAGE][PASSED] - Delayed 1 second(s)

2019-05-16 11:38:39 - [MESSAGE][PASSED] - Object: 'Object Repository/Operator/Walkin/f. Credits/Click_Add_Credits_Button' is clicked on

2019-05-16 11:38:40 - [MESSAGE][PASSED] - Text '3540' is set on object 'Object Repository/Operator/Walkin/f. Credits/Input_CreditAmount'

2019-05-16 11:38:40 - [MESSAGE][PASSED] - Object: 'Object Repository/Operator/Walkin/f. Credits/Click_Add_Credit_Yes_Button' is clicked on

2019-05-16 11:38:40 - [MESSAGE][PASSED] - Attribute 'value' of object 'Object Repository/Operator/Walkin/f. Credits/getText_getCreditAmopunt_On_Summary_Page' is: '3540'

2019-05-16 11:38:41 - [MESSAGE][PASSED] - Object: 'Object Repository/Operator/Walkin/f. Credits/Click_On DropDownOfPaymentMode' is clicked on

2019-05-16 11:38:41 - [MESSAGE][PASSED] - Object: 'Object Repository/Operator/Walkin/f. Credits/Click_Google Pay Mode' is clicked on

2019-05-16 11:38:42 - [MESSAGE][PASSED] - Object: 'Object Repository/Operator/Walkin/a. Walkin_With_IndDiscount/SummaryValidation Object/Click_On_ADDButtonToAddModesOfPayment' is clicked on

2019-05-16 11:38:42 - [MESSAGE][PASSED] - Text of object 'Object Repository/Operator/Walkin/f. Credits/getText_getAmountPaid' is: ' 3540 INR'

2019-05-16 11:38:42 - [MESSAGE][PASSED] - Object: 'Object Repository/Operator/Walkin/f. Credits/Click_Submit' is clicked on

2019-05-16 11:38:43 - [MESSAGE][PASSED] - Object: 'Object Repository/Operator/Walkin/f. Credits/Click_Create_New_Walkin' is clicked on

2019-05-16 11:38:44 - [MESSAGE][PASSED] - Delayed 1 second(s)

2019-05-16 11:38:44 - [MESSAGE][PASSED] - Text '8830175063' is set on object 'Object Repository/Operator/Walkin/a. Walkin_With_IndDiscount/Input_mobileNumber'

2019-05-16 11:38:47 - [MESSAGE][PASSED] - Delayed 3 second(s)

2019-05-16 11:38:48 - [MESSAGE][PASSED] - Object: 'Object Repository/Operator/Walkin/a. Walkin_With_IndDiscount/Click_existingCustomer' is clicked on

2019-05-16 11:38:49 - [MESSAGE][PASSED] - Delayed 1 second(s)

2019-05-16 11:38:49 - [MESSAGE][PASSED] - Object: 'Object Repository/Operator/Walkin/a. Walkin_With_IndDiscount/SummaryValidation Object/Click_Service_DropDown_List' is clicked on

2019-05-16 11:38:50 - [MESSAGE][PASSED] - Object: 'Object Repository/Operator/Walkin/a. Walkin_With_IndDiscount/SummaryValidation Object/Click_Select_serviceName' is clicked on

2019-05-16 11:38:50 - [MESSAGE][PASSED] - Object: 'Object Repository/Operator/Walkin/a. Walkin_With_IndDiscount/SummaryValidation Object/Click_Employee_DropDown_List' is clicked on

2019-05-16 11:38:50 - [MESSAGE][PASSED] - Object: 'Object Repository/Operator/Walkin/a. Walkin_With_IndDiscount/SummaryValidation Object/Click_Select-EmployeeName' is clicked on

2019-05-16 11:38:51 - [MESSAGE][PASSED] - Object: 'Object Repository/Operator/Walkin/a. Walkin_With_IndDiscount/SummaryValidation Object/Click_AddSummary' is clicked on

2019-05-16 11:38:52 - [MESSAGE][PASSED] - Delayed 1 second(s)

2019-05-16 11:38:52 - [MESSAGE][PASSED] - Text of object 'Object Repository/Operator/Walkin/f. Credits/getText_CreditValue' is: '4540.00'

2019-05-16 11:38:52 - [MESSAGE][PASSED] - Text of object 'Object Repository/Operator/Walkin/a. Walkin_With_IndDiscount/SummaryValidation Object/getText_getTotalPayable' is: ' 1770 INR'

2019-05-16 11:38:52 - [MESSAGE][PASSED] - Object 'Object Repository/Operator/Walkin/f. Credits/Input_Avail_Credit_Amount' is present

2019-05-16 11:38:52 - [MESSAGE][PASSED] - Object: 'Object Repository/Operator/Walkin/f. Credits/Input_Avail_Credit_Amount' is clicked on

2019-05-16 11:38:52 - [MESSAGE][PASSED] - Text '1770' is set on object 'Object Repository/Operator/Walkin/f. Credits/Input_Avail_Credit_Amount'

2019-05-16 11:38:53 - [MESSAGE][PASSED] - Object: 'Object Repository/Operator/Walkin/f. Credits/Click_RedeemCredit_Value' is clicked on

2019-05-16 11:38:54 - [MESSAGE][PASSED] - Delayed 1 second(s)

2019-05-16 11:38:54 - [MESSAGE][PASSED] - Text of object 'Object Repository/Operator/Walkin/f. Credits/getText_Get_Redeemed_Amount_From-SummaryPage' is: '- 1770 INR'

2019-05-16 11:38:54 - [MESSAGE][PASSED] - Text of object 'Object Repository/Operator/Walkin/a. Walkin_With_IndDiscount/SummaryValidation Object/getText_AmountPaid' is: ' 0 INR'

2019-05-16 11:38:54 - [MESSAGE][PASSED] - Text of object 'Object Repository/Operator/Walkin/a. Walkin_With_IndDiscount/SummaryValidation Object/getText_Balance' is: ' 0 INR'

2019-05-16 11:38:54 - [MESSAGE][PASSED] - Object: 'Object Repository/Operator/Walkin/a. Walkin_With_IndDiscount/SummaryValidation Object/Click_Submit_Walkin' is clicked on

2019-05-16 11:38:57 - [MESSAGE][PASSED] - Object: 'Object Repository/Operator/Walkin/a. Walkin_With_IndDiscount/Click_Create_New_Walkin' is clicked on

2019-05-16 11:38:57 - [MESSAGE][PASSED] - in.runo.operator.walkin.credit.Walkin_With_CreditAmount.usingCreditsValueForBilling is PASSED]]></system-out>
         <system-err><![CDATA[]]></system-err>
      </testcase>
      <system-out><![CDATA[2019-05-16 11:37:30 - [TEST_SUITE][PASSED] - Tes: Test Cases/Operator/Walkin/With GST/i. Walkin_With_Credit_Mode]]></system-out>
      <system-err><![CDATA[]]></system-err>
   </testsuite>
</testsuites>
