<?xml version="1.0" encoding="UTF-8"?>
<testsuites name="Tes" time="43" tests="2" failures="0" errors="0">
   <testsuite name="Tes" tests="2" failures="0" errors="0" time="43" timestamp="2019-05-16 13:35:51" hostname="ranje - DESKTOP-EVQLC2E" id="Test Suites/Test Demo/Tes">
      <properties>
         <property name="deviceName" value=""/>
         <property name="devicePlatform" value=""/>
         <property name="logFolder" value="C:\\RunoWeb-Automation\\Reports\\Test Demo\\Tes\\20190516_133547"/>
         <property name="logFiles" value="C:\\RunoWeb-Automation\\Reports\\Test Demo\\Tes\\20190516_133547\\execution0.log"/>
         <property name="attachments" value=""/>
         <property name="hostName" value="ranje - DESKTOP-EVQLC2E"/>
         <property name="os" value="Windows 10 64bit"/>
         <property name="katalonVersion" value="5.10.1.1"/>
         <property name="browser" value="Firefox 66.0"/>
         <property name="hostAddress" value="192.168.1.10"/>
         <property name="sessionId" value="8f77d9bb-af9b-4f81-9f82-65b8924be729"/>
         <property name="seleniumVersion" value="3.7.1"/>
         <property name="proxyInformation" value="ProxyInformation{proxyOption=NO_PROXY, proxyServerType=HTTP, password=, proxyServerAddress=, proxyServerPort=0}"/>
         <property name="platform" value="Windows 10"/>
      </properties>
      <testcase name="Test Cases/Operator/OpLogin/OpLogin" classname="Test Cases/Operator/OpLogin/OpLogin" status="PASSED">
         <system-out><![CDATA[2019-05-16 13:35:51 - [TEST_CASE][PASSED] - Test Cases/Operator/OpLogin/OpLogin: Test Cases/Operator/OpLogin/OpLogin

2019-05-16 13:35:52 - [TEST_STEP][PASSED] - openBrowser(""): Browser is opened with url: ''

2019-05-16 13:35:53 - [MESSAGE][INFO] - Starting 'Firefox' driver

2019-05-16 13:35:53 - [MESSAGE][INFO] - Action delay is set to 0 seconds

2019-05-16 13:36:01 - [MESSAGE][PASSED] - Browser is opened with url: ''

2019-05-16 13:36:01 - [TEST_STEP][PASSED] - navigateToUrl("http://13.126.72.115:4200/"): Navigate to 'http://13.126.72.115:4200/' successfully

2019-05-16 13:36:12 - [MESSAGE][PASSED] - Navigate to 'http://13.126.72.115:4200/' successfully

2019-05-16 13:36:12 - [TEST_STEP][PASSED] - maximizeWindow(OPTIONAL): Current window maximized

2019-05-16 13:36:12 - [MESSAGE][PASSED] - Current window maximized

2019-05-16 13:36:12 - [TEST_STEP][PASSED] - click(findTestObject("Object Repository/Operator/OpLogin/Page_Runo/div_Operator")): Object: 'Object Repository/Operator/OpLogin/Page_Runo/div_Operator' is clicked on

2019-05-16 13:36:12 - [MESSAGE][PASSED] - Object: 'Object Repository/Operator/OpLogin/Page_Runo/div_Operator' is clicked on

2019-05-16 13:36:12 - [TEST_STEP][PASSED] - delay(5, STOP_ON_FAILURE): Delayed 5 second(s)

2019-05-16 13:36:17 - [MESSAGE][PASSED] - Delayed 5 second(s)

2019-05-16 13:36:17 - [TEST_STEP][PASSED] - setText(findTestObject("Object Repository/Operator/OpLogin/Page_Runo/input_Operator_form-control ng"), "8830175062"): Text '8830175062' is set on object 'Object Repository/Operator/OpLogin/Page_Runo/input_Operator_form-control ng'

2019-05-16 13:36:18 - [MESSAGE][PASSED] - Text '8830175062' is set on object 'Object Repository/Operator/OpLogin/Page_Runo/input_Operator_form-control ng'

2019-05-16 13:36:18 - [TEST_STEP][PASSED] - setEncryptedText(findTestObject("Object Repository/Operator/OpLogin/Page_Runo/input_Operator_form-control ng_1"), "0VuygnA+GFY="): Text ****** has been set on object 'Object Repository/Operator/OpLogin/Page_Runo/input_Operator_form-control ng_1'

2019-05-16 13:36:18 - [MESSAGE][PASSED] - Text ****** has been set on object 'Object Repository/Operator/OpLogin/Page_Runo/input_Operator_form-control ng_1'

2019-05-16 13:36:18 - [TEST_STEP][PASSED] - setEncryptedText(findTestObject("Object Repository/Operator/OpLogin/Page_Runo/input_Operator_form-control ng_2"), "4QsYikuMnfc="): Text ****** has been set on object 'Object Repository/Operator/OpLogin/Page_Runo/input_Operator_form-control ng_2'

2019-05-16 13:36:18 - [MESSAGE][PASSED] - Text ****** has been set on object 'Object Repository/Operator/OpLogin/Page_Runo/input_Operator_form-control ng_2'

2019-05-16 13:36:18 - [TEST_STEP][PASSED] - setEncryptedText(findTestObject("Object Repository/Operator/OpLogin/Page_Runo/input_Operator_form-control ng_3"), "uyqgJ3PclbQ="): Text ****** has been set on object 'Object Repository/Operator/OpLogin/Page_Runo/input_Operator_form-control ng_3'

2019-05-16 13:36:18 - [MESSAGE][PASSED] - Text ****** has been set on object 'Object Repository/Operator/OpLogin/Page_Runo/input_Operator_form-control ng_3'

2019-05-16 13:36:18 - [TEST_STEP][PASSED] - setEncryptedText(findTestObject("Object Repository/Operator/OpLogin/Page_Runo/input_Operator_form-control ng_4"), "/yoJQMt7SF0="): Text ****** has been set on object 'Object Repository/Operator/OpLogin/Page_Runo/input_Operator_form-control ng_4'

2019-05-16 13:36:18 - [MESSAGE][PASSED] - Text ****** has been set on object 'Object Repository/Operator/OpLogin/Page_Runo/input_Operator_form-control ng_4'

2019-05-16 13:36:18 - [TEST_STEP][PASSED] - setEncryptedText(findTestObject("Object Repository/Operator/OpLogin/Page_Runo/input_Operator_form-control ng_5"), "2wIR5rizw6I="): Text ****** has been set on object 'Object Repository/Operator/OpLogin/Page_Runo/input_Operator_form-control ng_5'

2019-05-16 13:36:18 - [MESSAGE][PASSED] - Text ****** has been set on object 'Object Repository/Operator/OpLogin/Page_Runo/input_Operator_form-control ng_5'

2019-05-16 13:36:18 - [TEST_STEP][PASSED] - setEncryptedText(findTestObject("Object Repository/Operator/OpLogin/Page_Runo/input_Operator_form-control ng_6"), "xcsEsceOxMQ="): Text ****** has been set on object 'Object Repository/Operator/OpLogin/Page_Runo/input_Operator_form-control ng_6'

2019-05-16 13:36:18 - [MESSAGE][PASSED] - Text ****** has been set on object 'Object Repository/Operator/OpLogin/Page_Runo/input_Operator_form-control ng_6'

2019-05-16 13:36:18 - [TEST_STEP][PASSED] - setEncryptedText(findTestObject("Object Repository/Operator/OpLogin/Page_Runo/input_Operator_form-control ng_7"), "0r6XmuTReV8="): Text ****** has been set on object 'Object Repository/Operator/OpLogin/Page_Runo/input_Operator_form-control ng_7'

2019-05-16 13:36:18 - [MESSAGE][PASSED] - Text ****** has been set on object 'Object Repository/Operator/OpLogin/Page_Runo/input_Operator_form-control ng_7'

2019-05-16 13:36:18 - [TEST_STEP][PASSED] - setEncryptedText(findTestObject("Object Repository/Operator/OpLogin/Page_Runo/input_Operator_form-control ng_8"), "wEDVojD9906R+kXWuM9ihA=="): Text ****** has been set on object 'Object Repository/Operator/OpLogin/Page_Runo/input_Operator_form-control ng_8'

2019-05-16 13:36:18 - [MESSAGE][PASSED] - Text ****** has been set on object 'Object Repository/Operator/OpLogin/Page_Runo/input_Operator_form-control ng_8'

2019-05-16 13:36:18 - [TEST_STEP][PASSED] - setEncryptedText(findTestObject("Object Repository/Operator/OpLogin/Page_Runo/input_Operator_form-control ng_9"), "wEDVojD9906x1g0B3VxO5g=="): Text ****** has been set on object 'Object Repository/Operator/OpLogin/Page_Runo/input_Operator_form-control ng_9'

2019-05-16 13:36:18 - [MESSAGE][PASSED] - Text ****** has been set on object 'Object Repository/Operator/OpLogin/Page_Runo/input_Operator_form-control ng_9'

2019-05-16 13:36:18 - [TEST_STEP][PASSED] - setEncryptedText(findTestObject("Object Repository/Operator/OpLogin/Page_Runo/input_Operator_form-control ng_10"), "wEDVojD9905YSeMDfDCy9A=="): Text ****** has been set on object 'Object Repository/Operator/OpLogin/Page_Runo/input_Operator_form-control ng_10'

2019-05-16 13:36:18 - [MESSAGE][PASSED] - Text ****** has been set on object 'Object Repository/Operator/OpLogin/Page_Runo/input_Operator_form-control ng_10'

2019-05-16 13:36:18 - [TEST_STEP][PASSED] - setEncryptedText(findTestObject("Object Repository/Operator/OpLogin/Page_Runo/input_Operator_form-control ng_11"), "wEDVojD9905YSeMDfDCy9A=="): Text ****** has been set on object 'Object Repository/Operator/OpLogin/Page_Runo/input_Operator_form-control ng_11'

2019-05-16 13:36:19 - [MESSAGE][PASSED] - Text ****** has been set on object 'Object Repository/Operator/OpLogin/Page_Runo/input_Operator_form-control ng_11'

2019-05-16 13:36:19 - [TEST_STEP][PASSED] - click(findTestObject("Object Repository/Operator/OpLogin/Page_Runo/input_Operator_btn gardianButt")): Object: 'Object Repository/Operator/OpLogin/Page_Runo/input_Operator_btn gardianButt' is clicked on

2019-05-16 13:36:19 - [MESSAGE][PASSED] - Object: 'Object Repository/Operator/OpLogin/Page_Runo/input_Operator_btn gardianButt' is clicked on]]></system-out>
         <system-err><![CDATA[]]></system-err>
      </testcase>
      <testcase name="Test Cases/Operator/Walkin/Without GST/f. Walkin_With_EditingService_Price" classname="Test Cases/Operator/Walkin/Without GST/f. Walkin_With_EditingService_Price" status="PASSED">
         <system-out><![CDATA[2019-05-16 13:36:19 - [TEST_CASE][PASSED] - Test Cases/Operator/Walkin/Without GST/f. Walkin_With_EditingService_Price: Test Cases/Operator/Walkin/Without GST/f. Walkin_With_EditingService_Price

2019-05-16 13:36:19 - [TEST_STEP][PASSED] - in.runo.operator.walkin.service.Walkin_With_EditingServicePrice.walkinWithEditingServicePrice_WithoutGst("9028485991", "EditServicePrice_WithoutGST"): in.runo.operator.walkin.service.Walkin_With_EditingServicePrice.walkinWithEditingServicePrice_WithoutGst is PASSED

2019-05-16 13:36:20 - [MESSAGE][PASSED] - Delayed 1 second(s)

2019-05-16 13:36:21 - [MESSAGE][PASSED] - Text '9028485991' is set on object 'Object Repository/Operator/Walkin/a. Walkin_With_IndDiscount/Input_mobileNumber'

2019-05-16 13:36:24 - [MESSAGE][PASSED] - Delayed 3 second(s)

2019-05-16 13:36:25 - [MESSAGE][PASSED] - Object: 'Object Repository/Operator/Walkin/a. Walkin_With_IndDiscount/Click_existingCustomer' is clicked on

2019-05-16 13:36:26 - [MESSAGE][PASSED] - Delayed 1 second(s)

2019-05-16 13:36:26 - [MESSAGE][PASSED] - Object: 'Object Repository/Operator/Walkin/a. Walkin_With_IndDiscount/SummaryValidation Object/Click_Service_DropDown_List' is clicked on

2019-05-16 13:36:26 - [MESSAGE][PASSED] - Object: 'Object Repository/Operator/Walkin/a. Walkin_With_IndDiscount/SummaryValidation Object/Click_Select_serviceName' is clicked on

2019-05-16 13:36:26 - [MESSAGE][PASSED] - Text of object 'Object Repository/Operator/Walkin/d. Walkin_With_EditingServicePrice/Input_getText_ServicePrice1' is cleared

2019-05-16 13:36:27 - [MESSAGE][PASSED] - Text '5000' is set on object 'Object Repository/Operator/Walkin/d. Walkin_With_EditingServicePrice/Input_getText_ServicePrice1'

2019-05-16 13:36:27 - [MESSAGE][PASSED] - Object: 'Object Repository/Operator/Walkin/a. Walkin_With_IndDiscount/SummaryValidation Object/Click_Employee_DropDown_List' is clicked on

2019-05-16 13:36:27 - [MESSAGE][PASSED] - Object: 'Object Repository/Operator/Walkin/a. Walkin_With_IndDiscount/SummaryValidation Object/Click_Select-EmployeeName' is clicked on

2019-05-16 13:36:27 - [MESSAGE][PASSED] - Object: 'Object Repository/Operator/Walkin/a. Walkin_With_IndDiscount/SummaryValidation Object/Click_AddSummary' is clicked on

2019-05-16 13:36:28 - [MESSAGE][PASSED] - Delayed 1 second(s)

2019-05-16 13:36:28 - [MESSAGE][PASSED] - Text of object 'Object Repository/Operator/Walkin/a. Walkin_With_IndDiscount/SummaryValidation Object/getText_ServicePrice1' is: ' 5000  INR'

2019-05-16 13:36:28 - [MESSAGE][PASSED] - Scroll to object 'Object Repository/Operator/Walkin/d. Walkin_With_EditingServicePrice/Input_getText_ServicePrice1' successfully

2019-05-16 13:36:29 - [MESSAGE][PASSED] - Object: 'Object Repository/Operator/Walkin/a. Walkin_With_IndDiscount/SummaryValidation Object/Click_UnCheck_GST' is clicked on

2019-05-16 13:36:29 - [MESSAGE][PASSED] - Text of object 'Object Repository/Operator/Walkin/a. Walkin_With_IndDiscount/SummaryValidation Object/getText_getActualGSTAmt' is: ' 0  INR'

2019-05-16 13:36:29 - [MESSAGE][PASSED] - Text of object 'Object Repository/Operator/Walkin/a. Walkin_With_IndDiscount/SummaryValidation Object/getText_getTotalPayable' is: ' 5000 INR'

2019-05-16 13:36:29 - [MESSAGE][PASSED] - Text of object 'Object Repository/Operator/Walkin/a. Walkin_With_IndDiscount/SummaryValidation Object/getText_AmountPaid' is: ' 0 INR'

2019-05-16 13:36:29 - [MESSAGE][PASSED] - Text of object 'Object Repository/Operator/Walkin/a. Walkin_With_IndDiscount/SummaryValidation Object/getText_Balance' is: ' 5000 INR'

2019-05-16 13:36:29 - [MESSAGE][PASSED] - Attribute 'value' of object 'Object Repository/Operator/Walkin/a. Walkin_With_IndDiscount/SummaryValidation Object/Input_PartialPaidAmount' is: '5000'

2019-05-16 13:36:29 - [MESSAGE][PASSED] - Object: 'Object Repository/Operator/Walkin/a. Walkin_With_IndDiscount/SummaryValidation Object/Click_SelectPaymentMode_DropDown' is clicked on

2019-05-16 13:36:29 - [MESSAGE][PASSED] - Object: 'Object Repository/Operator/Walkin/a. Walkin_With_IndDiscount/SummaryValidation Object/Click_selectMode_Cash' is clicked on

2019-05-16 13:36:30 - [MESSAGE][PASSED] - Object: 'Object Repository/Operator/Walkin/a. Walkin_With_IndDiscount/SummaryValidation Object/Click_On_ADDButtonToAddModesOfPayment' is clicked on

2019-05-16 13:36:30 - [MESSAGE][PASSED] - Object: 'Object Repository/Operator/Walkin/a. Walkin_With_IndDiscount/SummaryValidation Object/Click_Submit_Walkin' is clicked on

2019-05-16 13:36:31 - [MESSAGE][PASSED] - Object: 'Object Repository/Operator/Walkin/a. Walkin_With_IndDiscount/Click_Create_New_Walkin' is clicked on

2019-05-16 13:36:31 - [MESSAGE][PASSED] - in.runo.operator.walkin.service.Walkin_With_EditingServicePrice.walkinWithEditingServicePrice_WithoutGst is PASSED]]></system-out>
         <system-err><![CDATA[]]></system-err>
      </testcase>
      <system-out><![CDATA[2019-05-16 13:35:51 - [TEST_SUITE][PASSED] - Tes: Test Cases/Operator/Walkin/Without GST/f. Walkin_With_EditingService_Price]]></system-out>
      <system-err><![CDATA[]]></system-err>
   </testsuite>
</testsuites>
