<?xml version="1.0" encoding="UTF-8"?>
<testsuites name="Tes" time="77" tests="2" failures="0" errors="0">
   <testsuite name="Tes" tests="2" failures="0" errors="0" time="77" timestamp="2019-05-15 18:43:53" hostname="ranje - 192.168.1.19" id="Test Suites/Test Demo/Tes">
      <properties>
         <property name="deviceName" value=""/>
         <property name="devicePlatform" value=""/>
         <property name="logFolder" value="C:\\RunoWeb-Automation\\Reports\\Test Demo\\Tes\\20190515_184349"/>
         <property name="logFiles" value="C:\\RunoWeb-Automation\\Reports\\Test Demo\\Tes\\20190515_184349\\execution0.log"/>
         <property name="attachments" value=""/>
         <property name="hostName" value="ranje - 192.168.1.19"/>
         <property name="os" value="Windows 10 64bit"/>
         <property name="katalonVersion" value="5.10.1.1"/>
         <property name="browser" value="Firefox 66.0"/>
         <property name="hostAddress" value="192.168.1.19"/>
         <property name="sessionId" value="88a64f49-2d9e-46d5-b9c3-48dc791aca6c"/>
         <property name="seleniumVersion" value="3.7.1"/>
         <property name="proxyInformation" value="ProxyInformation{proxyOption=NO_PROXY, proxyServerType=HTTP, password=, proxyServerAddress=, proxyServerPort=0}"/>
         <property name="platform" value="Windows 10"/>
      </properties>
      <testcase name="Test Cases/Operator/OpLogin/OpLogin" classname="Test Cases/Operator/OpLogin/OpLogin" status="PASSED">
         <system-out><![CDATA[2019-05-15 18:43:54 - [TEST_CASE][PASSED] - Test Cases/Operator/OpLogin/OpLogin: Test Cases/Operator/OpLogin/OpLogin

2019-05-15 18:43:55 - [TEST_STEP][PASSED] - openBrowser(""): Browser is opened with url: ''

2019-05-15 18:43:56 - [MESSAGE][INFO] - Starting 'Firefox' driver

2019-05-15 18:43:56 - [MESSAGE][INFO] - Action delay is set to 0 seconds

2019-05-15 18:44:33 - [MESSAGE][PASSED] - Browser is opened with url: ''

2019-05-15 18:44:33 - [TEST_STEP][PASSED] - navigateToUrl("http://13.126.72.115:4200/"): Navigate to 'http://13.126.72.115:4200/' successfully

2019-05-15 18:44:42 - [MESSAGE][PASSED] - Navigate to 'http://13.126.72.115:4200/' successfully

2019-05-15 18:44:42 - [TEST_STEP][PASSED] - maximizeWindow(OPTIONAL): Current window maximized

2019-05-15 18:44:42 - [MESSAGE][PASSED] - Current window maximized

2019-05-15 18:44:42 - [TEST_STEP][PASSED] - click(findTestObject("Object Repository/Operator/OpLogin/Page_Runo/div_Operator")): Object: 'Object Repository/Operator/OpLogin/Page_Runo/div_Operator' is clicked on

2019-05-15 18:44:43 - [MESSAGE][PASSED] - Object: 'Object Repository/Operator/OpLogin/Page_Runo/div_Operator' is clicked on

2019-05-15 18:44:43 - [TEST_STEP][PASSED] - delay(5, STOP_ON_FAILURE): Delayed 5 second(s)

2019-05-15 18:44:48 - [MESSAGE][PASSED] - Delayed 5 second(s)

2019-05-15 18:44:48 - [TEST_STEP][PASSED] - setText(findTestObject("Object Repository/Operator/OpLogin/Page_Runo/input_Operator_form-control ng"), "8830175062"): Text '8830175062' is set on object 'Object Repository/Operator/OpLogin/Page_Runo/input_Operator_form-control ng'

2019-05-15 18:44:48 - [MESSAGE][PASSED] - Text '8830175062' is set on object 'Object Repository/Operator/OpLogin/Page_Runo/input_Operator_form-control ng'

2019-05-15 18:44:48 - [TEST_STEP][PASSED] - setEncryptedText(findTestObject("Object Repository/Operator/OpLogin/Page_Runo/input_Operator_form-control ng_1"), "0VuygnA+GFY="): Text ****** has been set on object 'Object Repository/Operator/OpLogin/Page_Runo/input_Operator_form-control ng_1'

2019-05-15 18:44:49 - [MESSAGE][PASSED] - Text ****** has been set on object 'Object Repository/Operator/OpLogin/Page_Runo/input_Operator_form-control ng_1'

2019-05-15 18:44:49 - [TEST_STEP][PASSED] - setEncryptedText(findTestObject("Object Repository/Operator/OpLogin/Page_Runo/input_Operator_form-control ng_2"), "4QsYikuMnfc="): Text ****** has been set on object 'Object Repository/Operator/OpLogin/Page_Runo/input_Operator_form-control ng_2'

2019-05-15 18:44:49 - [MESSAGE][PASSED] - Text ****** has been set on object 'Object Repository/Operator/OpLogin/Page_Runo/input_Operator_form-control ng_2'

2019-05-15 18:44:49 - [TEST_STEP][PASSED] - setEncryptedText(findTestObject("Object Repository/Operator/OpLogin/Page_Runo/input_Operator_form-control ng_3"), "uyqgJ3PclbQ="): Text ****** has been set on object 'Object Repository/Operator/OpLogin/Page_Runo/input_Operator_form-control ng_3'

2019-05-15 18:44:49 - [MESSAGE][PASSED] - Text ****** has been set on object 'Object Repository/Operator/OpLogin/Page_Runo/input_Operator_form-control ng_3'

2019-05-15 18:44:49 - [TEST_STEP][PASSED] - setEncryptedText(findTestObject("Object Repository/Operator/OpLogin/Page_Runo/input_Operator_form-control ng_4"), "/yoJQMt7SF0="): Text ****** has been set on object 'Object Repository/Operator/OpLogin/Page_Runo/input_Operator_form-control ng_4'

2019-05-15 18:44:49 - [MESSAGE][PASSED] - Text ****** has been set on object 'Object Repository/Operator/OpLogin/Page_Runo/input_Operator_form-control ng_4'

2019-05-15 18:44:49 - [TEST_STEP][PASSED] - setEncryptedText(findTestObject("Object Repository/Operator/OpLogin/Page_Runo/input_Operator_form-control ng_5"), "2wIR5rizw6I="): Text ****** has been set on object 'Object Repository/Operator/OpLogin/Page_Runo/input_Operator_form-control ng_5'

2019-05-15 18:44:50 - [MESSAGE][PASSED] - Text ****** has been set on object 'Object Repository/Operator/OpLogin/Page_Runo/input_Operator_form-control ng_5'

2019-05-15 18:44:50 - [TEST_STEP][PASSED] - setEncryptedText(findTestObject("Object Repository/Operator/OpLogin/Page_Runo/input_Operator_form-control ng_6"), "xcsEsceOxMQ="): Text ****** has been set on object 'Object Repository/Operator/OpLogin/Page_Runo/input_Operator_form-control ng_6'

2019-05-15 18:44:50 - [MESSAGE][PASSED] - Text ****** has been set on object 'Object Repository/Operator/OpLogin/Page_Runo/input_Operator_form-control ng_6'

2019-05-15 18:44:50 - [TEST_STEP][PASSED] - setEncryptedText(findTestObject("Object Repository/Operator/OpLogin/Page_Runo/input_Operator_form-control ng_7"), "0r6XmuTReV8="): Text ****** has been set on object 'Object Repository/Operator/OpLogin/Page_Runo/input_Operator_form-control ng_7'

2019-05-15 18:44:50 - [MESSAGE][PASSED] - Text ****** has been set on object 'Object Repository/Operator/OpLogin/Page_Runo/input_Operator_form-control ng_7'

2019-05-15 18:44:50 - [TEST_STEP][PASSED] - setEncryptedText(findTestObject("Object Repository/Operator/OpLogin/Page_Runo/input_Operator_form-control ng_8"), "wEDVojD9906R+kXWuM9ihA=="): Text ****** has been set on object 'Object Repository/Operator/OpLogin/Page_Runo/input_Operator_form-control ng_8'

2019-05-15 18:44:50 - [MESSAGE][PASSED] - Text ****** has been set on object 'Object Repository/Operator/OpLogin/Page_Runo/input_Operator_form-control ng_8'

2019-05-15 18:44:50 - [TEST_STEP][PASSED] - setEncryptedText(findTestObject("Object Repository/Operator/OpLogin/Page_Runo/input_Operator_form-control ng_9"), "wEDVojD9906x1g0B3VxO5g=="): Text ****** has been set on object 'Object Repository/Operator/OpLogin/Page_Runo/input_Operator_form-control ng_9'

2019-05-15 18:44:50 - [MESSAGE][PASSED] - Text ****** has been set on object 'Object Repository/Operator/OpLogin/Page_Runo/input_Operator_form-control ng_9'

2019-05-15 18:44:50 - [TEST_STEP][PASSED] - setEncryptedText(findTestObject("Object Repository/Operator/OpLogin/Page_Runo/input_Operator_form-control ng_10"), "wEDVojD9905YSeMDfDCy9A=="): Text ****** has been set on object 'Object Repository/Operator/OpLogin/Page_Runo/input_Operator_form-control ng_10'

2019-05-15 18:44:50 - [MESSAGE][PASSED] - Text ****** has been set on object 'Object Repository/Operator/OpLogin/Page_Runo/input_Operator_form-control ng_10'

2019-05-15 18:44:50 - [TEST_STEP][PASSED] - setEncryptedText(findTestObject("Object Repository/Operator/OpLogin/Page_Runo/input_Operator_form-control ng_11"), "wEDVojD9905YSeMDfDCy9A=="): Text ****** has been set on object 'Object Repository/Operator/OpLogin/Page_Runo/input_Operator_form-control ng_11'

2019-05-15 18:44:50 - [MESSAGE][PASSED] - Text ****** has been set on object 'Object Repository/Operator/OpLogin/Page_Runo/input_Operator_form-control ng_11'

2019-05-15 18:44:50 - [TEST_STEP][PASSED] - click(findTestObject("Object Repository/Operator/OpLogin/Page_Runo/input_Operator_btn gardianButt")): Object: 'Object Repository/Operator/OpLogin/Page_Runo/input_Operator_btn gardianButt' is clicked on

2019-05-15 18:44:50 - [MESSAGE][PASSED] - Object: 'Object Repository/Operator/OpLogin/Page_Runo/input_Operator_btn gardianButt' is clicked on]]></system-out>
         <system-err><![CDATA[]]></system-err>
      </testcase>
      <testcase name="Test Cases/Operator/Walkin/With GST/c. Walkin_With_AddMembership" classname="Test Cases/Operator/Walkin/With GST/c. Walkin_With_AddMembership" status="PASSED">
         <system-out><![CDATA[2019-05-15 18:44:51 - [TEST_CASE][PASSED] - Test Cases/Operator/Walkin/With GST/c. Walkin_With_AddMembership: Test Cases/Operator/Walkin/With GST/c. Walkin_With_AddMembership

2019-05-15 18:44:51 - [TEST_STEP][PASSED] - in.runo.operator.walkin.membership.Walkin_With_Membership.addMembership("8830175062", "Ranjeet"): in.runo.operator.walkin.membership.Walkin_With_Membership.addMembership is PASSED

2019-05-15 18:44:52 - [MESSAGE][PASSED] - Delayed 1 second(s)

2019-05-15 18:44:54 - [MESSAGE][PASSED] - Text '8830175062' is set on object 'Object Repository/Operator/Walkin/a. Walkin_With_IndDiscount/Input_mobileNumber'

2019-05-15 18:44:57 - [MESSAGE][PASSED] - Delayed 3 second(s)

2019-05-15 18:44:57 - [MESSAGE][PASSED] - Object: 'Object Repository/Operator/Walkin/a. Walkin_With_IndDiscount/Click_existingCustomer' is clicked on

2019-05-15 18:44:57 - [MESSAGE][PASSED] - Scroll to object 'Object Repository/Operator/Walkin/c. Membership/Click_MembershipButton' successfully

2019-05-15 18:44:59 - [MESSAGE][PASSED] - Delayed 2 second(s)

2019-05-15 18:45:00 - [MESSAGE][PASSED] - Object: 'Object Repository/Operator/Walkin/c. Membership/Click_MembershipButton' is clicked on

2019-05-15 18:45:02 - [MESSAGE][PASSED] - Delayed 2 second(s)

2019-05-15 18:45:02 - [MESSAGE][PASSED] - Object: 'Object Repository/Operator/Walkin/c. Membership/Click_SelectMembership_Plan' is clicked on

2019-05-15 18:45:04 - [MESSAGE][PASSED] - Delayed 2 second(s)

2019-05-15 18:45:04 - [MESSAGE][PASSED] - Object: 'Object Repository/Operator/Walkin/c. Membership/Click_ModeOfPayment_DropDown' is clicked on

2019-05-15 18:45:05 - [MESSAGE][PASSED] - Object: 'Object Repository/Operator/Walkin/c. Membership/Click_SelectMode_Paytm' is clicked on

2019-05-15 18:45:05 - [MESSAGE][PASSED] - Object: 'Object Repository/Operator/Walkin/a. Walkin_With_IndDiscount/SummaryValidation Object/Click_On_ADDButtonToAddModesOfPayment' is clicked on

2019-05-15 18:45:05 - [MESSAGE][PASSED] - Object: 'Object Repository/Operator/Walkin/c. Membership/Click_ClickOnSubmit_Button' is clicked on

2019-05-15 18:45:06 - [MESSAGE][PASSED] - Object: 'Object Repository/Operator/Walkin/c. Membership/Click_CreateNewWalkin' is clicked on

2019-05-15 18:45:06 - [MESSAGE][PASSED] - in.runo.operator.walkin.membership.Walkin_With_Membership.addMembership is PASSED]]></system-out>
         <system-err><![CDATA[]]></system-err>
      </testcase>
      <system-out><![CDATA[2019-05-15 18:43:53 - [TEST_SUITE][PASSED] - Tes: Test Cases/Operator/Walkin/With GST/c. Walkin_With_AddMembership]]></system-out>
      <system-err><![CDATA[]]></system-err>
   </testsuite>
</testsuites>
